<?xml version="1.0" encoding="UTF-8"?>
<!-- Generated by org.testng.reporters.JUnitXMLReporter -->
<testsuite ignored="3" hostname="DESKTOP-2SJV0LG" failures="0" tests="3" name="postgre" time="75.163" errors="0" timestamp="2022-12-17T12:45:17 IST">
  <testcase classname="testcases.ConnectorsTest" name="connectionTest" time="5.602"/>
  <testcase classname="testcases.ConnectorsTest" name="saveConnection" time="5.43"/>
  <testcase classname="testcases.ConnectorsTest" name="addQuery" time="5.554"/>
  <testcase classname="testcases.ConnectorsTest" name="connectionSaveApi" time="0.0">
    <ignored/>
  </testcase> <!-- connectionSaveApi -->
  <testcase classname="testcases.ConnectorsTest" name="connectionTestApi" time="0.0">
    <ignored/>
  </testcase> <!-- connectionTestApi -->
  <testcase classname="testcases.ConnectorsTest" name="connectionAddApi" time="0.0">
    <ignored/>
  </testcase> <!-- connectionAddApi -->
</testsuite> <!-- postgre -->
